JvmtiExport can_access_local_variables 0
JvmtiExport can_hotswap_or_post_breakpoint 0
JvmtiExport can_post_on_exceptions 0
# 360 ciObject found
instanceKlass org/eclipse/jetty/util/Attributes$Wrapper
instanceKlass org/eclipse/jetty/server/Authentication$5
instanceKlass org/eclipse/jetty/server/Authentication$SendSuccess
instanceKlass org/eclipse/jetty/server/Authentication$4
instanceKlass org/eclipse/jetty/server/Authentication$Failure
instanceKlass org/eclipse/jetty/server/Authentication$3
instanceKlass org/eclipse/jetty/server/Authentication$Challenge
instanceKlass org/eclipse/jetty/server/Authentication$ResponseSent
instanceKlass org/eclipse/jetty/server/Authentication$2
instanceKlass org/eclipse/jetty/server/Authentication$1
instanceKlass org/eclipse/jetty/server/Authentication
instanceKlass org/eclipse/jetty/server/session/AbstractSessionDataStore$1
instanceKlass org/eclipse/jetty/util/Callback$3
instanceKlass org/eclipse/jetty/server/HttpChannel$$Lambda$96
instanceKlass org/eclipse/jetty/server/HttpChannel$$Lambda$95
instanceKlass sun/nio/ch/IOVecWrapper$Deallocator
instanceKlass sun/nio/ch/NativeObject
instanceKlass sun/nio/ch/IOVecWrapper
instanceKlass org/eclipse/jetty/server/HttpConnection$1
instanceKlass org/eclipse/jetty/http/HttpGenerator$2
instanceKlass org/eclipse/jetty/util/IteratingCallback$1
instanceKlass org/eclipse/jetty/util/Callback$Completing
instanceKlass org/eclipse/jetty/server/HttpOutput$2
instanceKlass org/eclipse/jetty/http/HttpFields$1
instanceKlass spark/utils/GzipUtils$StringMatch
instanceKlass spark/utils/GzipUtils
instanceKlass org/eclipse/jetty/http/MimeTypes$$Lambda$94
instanceKlass org/eclipse/jetty/http/MimeTypes$$Lambda$93
instanceKlass java/util/stream/ForEachOps$ForEachOp
instanceKlass java/util/stream/ForEachOps
instanceKlass org/eclipse/jetty/http/MimeTypes$$Lambda$92
instanceKlass java/lang/invoke/LambdaForm$DMH
instanceKlass org/eclipse/jetty/http/MimeTypes$$Lambda$91
instanceKlass java/lang/invoke/LambdaForm$DMH
instanceKlass org/eclipse/jetty/http/MimeTypes
instanceKlass spark/http/matching/AfterAfterFilters
instanceKlass spark/http/matching/AfterFilters
instanceKlass com/github/jknack/handlebars/Handlebars$Utils
instanceKlass com/github/jknack/handlebars/Options$NativeBuffer
instanceKlass java/io/ObjectOutput
instanceKlass java/io/ObjectStreamConstants
instanceKlass java/io/ObjectInput
instanceKlass jdk/internal/module/IllegalAccessLogger$$Lambda$90
instanceKlass jdk/internal/module/IllegalAccessLogger$$Lambda$89
instanceKlass java/lang/reflect/AccessibleObject$$Lambda$88
instanceKlass com/github/jknack/handlebars/Context$PathExpressionChain
instanceKlass com/github/jknack/handlebars/PathExpression$Chain
instanceKlass com/github/jknack/handlebars/internal/path/ThisPath
instanceKlass com/github/jknack/handlebars/Options$Buffer
instanceKlass com/github/jknack/handlebars/Options
instanceKlass org/apache/commons/lang3/text/StrTokenizer
instanceKlass org/apache/commons/lang3/text/StrBuilder
instanceKlass com/github/jknack/handlebars/context/MemberValueResolver
instanceKlass com/github/jknack/handlebars/Context$CompositeValueResolver
instanceKlass com/github/jknack/handlebars/ValueResolver
instanceKlass com/github/jknack/handlebars/Context$Builder
instanceKlass com/github/jknack/handlebars/Context
instanceKlass com/google/common/util/concurrent/Uninterruptibles
instanceKlass com/github/jknack/handlebars/internal/TemplateBuilder$PartialInfo
instanceKlass com/github/jknack/handlebars/internal/ForwardingTemplate
instanceKlass java/lang/Short$ShortCache
instanceKlass org/apache/commons/lang3/math/NumberUtils
instanceKlass com/github/jknack/handlebars/internal/RefParam
instanceKlass com/github/jknack/handlebars/internal/path/PropertyPath
instanceKlass com/github/jknack/handlebars/internal/path/IndexedPath
instanceKlass com/github/jknack/handlebars/PathExpression
instanceKlass java/util/regex/Pattern$CharPredicate$$Lambda$87
instanceKlass java/lang/invoke/LambdaForm$DMH
instanceKlass com/github/jknack/handlebars/PathCompiler
instanceKlass com/github/jknack/handlebars/TypeSafeTemplate
instanceKlass com/github/jknack/handlebars/Template$1
instanceKlass com/github/jknack/handlebars/internal/StrParam
instanceKlass com/github/jknack/handlebars/internal/Param
instanceKlass java/lang/reflect/InvocationHandler
instanceKlass com/github/jknack/handlebars/internal/BaseTemplate
instanceKlass com/github/jknack/handlebars/Template
instanceKlass jdk/internal/util/ArraysSupport
instanceKlass org/antlr/v4/runtime/misc/FlexibleHashMap$Entry
instanceKlass java/util/BitSet
instanceKlass org/antlr/v4/runtime/misc/FlexibleHashMap
instanceKlass org/antlr/v4/runtime/tree/TerminalNodeImpl
instanceKlass org/antlr/v4/runtime/misc/DoubleKeyMap
instanceKlass org/antlr/v4/runtime/CommonToken
instanceKlass org/antlr/v4/runtime/WritableToken
instanceKlass org/antlr/v4/runtime/atn/LexerIndexedCustomAction
instanceKlass org/antlr/v4/runtime/atn/LexerActionExecutor
instanceKlass org/antlr/v4/runtime/misc/MurmurHash
instanceKlass org/antlr/v4/runtime/tree/ErrorNode
instanceKlass org/antlr/v4/runtime/tree/TerminalNode
instanceKlass org/antlr/v4/runtime/atn/SemanticContext
instanceKlass org/antlr/v4/runtime/DefaultErrorStrategy
instanceKlass org/antlr/v4/runtime/BufferedTokenStream
instanceKlass org/antlr/v4/runtime/RuleContext
instanceKlass org/antlr/v4/runtime/tree/RuleNode
instanceKlass org/antlr/v4/runtime/atn/LexerATNSimulator$SimState
instanceKlass org/antlr/v4/runtime/misc/AbstractEqualityComparator
instanceKlass org/antlr/v4/runtime/misc/EqualityComparator
instanceKlass org/antlr/v4/runtime/misc/Array2DHashSet
instanceKlass org/antlr/v4/runtime/dfa/DFAState
instanceKlass org/antlr/v4/runtime/atn/ATNConfig
instanceKlass org/antlr/v4/runtime/atn/ATNConfigSet
instanceKlass org/antlr/v4/runtime/misc/IntegerList
instanceKlass org/antlr/v4/runtime/Token
instanceKlass org/antlr/v4/runtime/CommonTokenFactory
instanceKlass org/antlr/v4/runtime/TokenFactory
instanceKlass org/antlr/v4/runtime/BaseErrorListener
instanceKlass org/antlr/v4/runtime/dfa/DFASerializer
instanceKlass org/antlr/v4/runtime/dfa/DFA
instanceKlass org/antlr/v4/runtime/atn/LexerSkipAction
instanceKlass org/antlr/v4/runtime/atn/LexerModeAction
instanceKlass org/antlr/v4/runtime/atn/LexerPopModeAction
instanceKlass org/antlr/v4/runtime/atn/LexerPushModeAction
instanceKlass org/antlr/v4/runtime/atn/ATNDeserializer$1
instanceKlass org/antlr/v4/runtime/misc/Interval
instanceKlass org/antlr/v4/runtime/misc/IntervalSet
instanceKlass org/antlr/v4/runtime/misc/Pair
instanceKlass org/antlr/v4/runtime/misc/IntSet
instanceKlass org/antlr/v4/runtime/atn/ATN
instanceKlass org/antlr/v4/runtime/atn/ATNDeserializationOptions
instanceKlass java/util/UUID
instanceKlass org/antlr/v4/runtime/atn/LexerAction
instanceKlass org/antlr/v4/runtime/atn/ATNState
instanceKlass org/antlr/v4/runtime/atn/Transition
instanceKlass org/antlr/v4/runtime/atn/ATNDeserializer
instanceKlass org/antlr/v4/runtime/VocabularyImpl
instanceKlass org/antlr/v4/runtime/atn/PredictionContext
instanceKlass org/antlr/v4/runtime/atn/PredictionContextCache
instanceKlass org/antlr/v4/runtime/RuntimeMetaData
instanceKlass org/antlr/v4/runtime/Vocabulary
instanceKlass org/antlr/v4/runtime/atn/ATNSimulator
instanceKlass org/antlr/v4/runtime/ANTLRInputStream
instanceKlass sun/net/DefaultProgressMeteringPolicy
instanceKlass sun/net/ProgressMeteringPolicy
instanceKlass sun/net/ProgressMonitor
instanceKlass com/github/jknack/handlebars/internal/HbsErrorReporter
instanceKlass com/google/common/cache/LocalCache$StrongEntry
instanceKlass com/google/common/base/Stopwatch
instanceKlass com/google/common/collect/ImmutableCollection
instanceKlass com/google/common/collect/Lists
instanceKlass com/google/common/util/concurrent/ExecutionList
instanceKlass com/google/common/util/concurrent/AbstractFuture
instanceKlass com/google/common/cache/LocalCache$LoadingValueReference
instanceKlass com/google/common/base/Platform
instanceKlass org/apache/commons/lang3/builder/HashCodeBuilder
instanceKlass org/apache/commons/lang3/builder/Builder
instanceKlass com/github/jknack/handlebars/cache/GuavaTemplateCache$1
instanceKlass org/antlr/v4/runtime/tree/AbstractParseTreeVisitor
instanceKlass com/github/jknack/handlebars/internal/HbsParserVisitor
instanceKlass org/antlr/v4/runtime/tree/ParseTreeVisitor
instanceKlass org/antlr/v4/runtime/tree/ParseTreeListener
instanceKlass org/antlr/v4/runtime/tree/ParseTree
instanceKlass org/antlr/v4/runtime/tree/SyntaxTree
instanceKlass org/antlr/v4/runtime/tree/Tree
instanceKlass org/antlr/v4/runtime/ANTLRErrorListener
instanceKlass com/github/jknack/handlebars/internal/HbsParserFactory$1
instanceKlass com/github/jknack/handlebars/io/AbstractTemplateSource
instanceKlass org/eclipse/jetty/http/Syntax
instanceKlass org/eclipse/jetty/http/HttpCookie$1
instanceKlass org/eclipse/jetty/http/HttpCookie
instanceKlass java/util/EventObject
instanceKlass org/eclipse/jetty/io/CyclicTimeout$$Lambda$86
instanceKlass java/lang/invoke/LambdaForm$DMH
instanceKlass org/eclipse/jetty/io/CyclicTimeout$Timeout
instanceKlass org/eclipse/jetty/io/CyclicTimeout
instanceKlass org/eclipse/jetty/server/session/Session$SessionInactivityTimer
instanceKlass org/eclipse/jetty/server/session/SessionData
instanceKlass org/eclipse/jetty/util/AttributesMap
instanceKlass org/eclipse/jetty/server/ServletAttributes
instanceKlass sun/security/provider/ByteArrayAccess
instanceKlass sun/security/util/MessageDigestSpi2
instanceKlass sun/security/jca/GetInstance$Instance
instanceKlass sun/security/jca/GetInstance
instanceKlass java/security/MessageDigestSpi
instanceKlass spark/Session
instanceKlass spark/utils/SparkUtils
instanceKlass spark/routematch/RouteMatch
instanceKlass java/util/ComparableTimSort
instanceKlass spark/utils/MimeParse$FitnessAndQuality
instanceKlass spark/utils/MimeParse$ParseResults
instanceKlass spark/utils/MimeParse
instanceKlass spark/http/matching/Routes
instanceKlass spark/http/matching/BeforeFilters
instanceKlass spark/http/matching/RouteContext
instanceKlass spark/RequestResponseFactory
instanceKlass spark/http/matching/Body
instanceKlass spark/utils/ClassUtils
instanceKlass java/util/LinkedList$ListItr
instanceKlass spark/utils/CollectionUtils
instanceKlass spark/utils/StringUtils
instanceKlass spark/resource/UriPath
instanceKlass javax/servlet/ServletRequestWrapper
instanceKlass org/eclipse/jetty/server/session/AbstractSessionDataStore$$Lambda$85
instanceKlass java/lang/invoke/LambdaForm$DMH
instanceKlass org/eclipse/jetty/server/session/DefaultSessionCache$$Lambda$84
instanceKlass org/eclipse/jetty/server/session/AbstractSessionCache$$Lambda$83
instanceKlass org/eclipse/jetty/server/session/Session
instanceKlass org/eclipse/jetty/server/session/SessionHandler$SessionIf
instanceKlass javax/servlet/http/Cookie
instanceKlass org/eclipse/jetty/server/CookieCutter
instanceKlass org/eclipse/jetty/server/session/SessionHandler$3
instanceKlass org/eclipse/jetty/http/HttpFields$ListItr
instanceKlass org/eclipse/jetty/server/HttpChannel$$Lambda$82
instanceKlass org/eclipse/jetty/server/HttpChannel$Dispatchable
instanceKlass org/eclipse/jetty/server/HttpChannel$2
instanceKlass org/eclipse/jetty/server/HttpChannelState$3
instanceKlass org/eclipse/jetty/io/ArrayByteBufferPool$$Lambda$81
instanceKlass java/lang/invoke/LambdaForm$DMH
instanceKlass org/eclipse/jetty/io/ArrayByteBufferPool$$Lambda$80
instanceKlass java/util/function/IntFunction
instanceKlass org/eclipse/jetty/util/URIUtil
instanceKlass org/eclipse/jetty/server/Server$DateField
instanceKlass java/util/stream/MatchOps$$Lambda$79
instanceKlass java/util/stream/MatchOps$BooleanTerminalSink
instanceKlass java/util/stream/MatchOps$MatchOp
instanceKlass java/util/stream/MatchOps
instanceKlass org/eclipse/jetty/http/HttpParser$$Lambda$78
instanceKlass org/eclipse/jetty/http/QuotedCSVParser$1
instanceKlass org/eclipse/jetty/server/HttpChannelOverHttp$1
instanceKlass org/eclipse/jetty/http/HttpURI$1
instanceKlass org/eclipse/jetty/http/HttpParser$1
instanceKlass org/eclipse/jetty/util/ModuleLocation
instanceKlass org/eclipse/jetty/util/TypeUtil
instanceKlass org/eclipse/jetty/http/HttpTokens$Token
instanceKlass org/eclipse/jetty/http/HttpTokens
instanceKlass sun/nio/ch/IOStatus
instanceKlass java/nio/DirectByteBuffer$Deallocator
instanceKlass sun/nio/ch/Util$BufferCache
instanceKlass org/eclipse/jetty/io/AbstractEndPoint$3
instanceKlass java/util/concurrent/SynchronousQueue$TransferStack$SNode
instanceKlass java/util/concurrent/SynchronousQueue$Transferer
instanceKlass org/eclipse/jetty/util/thread/ReservedThreadExecutor$ReservedThread
instanceKlass org/eclipse/jetty/io/ManagedSelector$$Lambda$77
instanceKlass java/lang/invoke/LambdaForm$DMH
instanceKlass org/eclipse/jetty/io/Connection$Listener
instanceKlass org/eclipse/jetty/util/Utf8Appendable
instanceKlass org/eclipse/jetty/http/HttpURI
instanceKlass org/eclipse/jetty/util/SharedBlockingCallback$Blocker
instanceKlass java/util/ResourceBundle$Control$1
instanceKlass java/util/ResourceBundle$$Lambda$76
instanceKlass java/util/ResourceBundle$CacheKeyReference
instanceKlass java/util/ResourceBundle$CacheKey
instanceKlass java/util/ResourceBundle$ResourceBundleControlProviderHolder$$Lambda$75
instanceKlass java/util/ServiceLoader$ProviderSpliterator
instanceKlass java/util/spi/ResourceBundleControlProvider
instanceKlass java/util/ResourceBundle$ResourceBundleControlProviderHolder$$Lambda$74
instanceKlass java/util/ResourceBundle$ResourceBundleControlProviderHolder
instanceKlass org/eclipse/jetty/util/SharedBlockingCallback
instanceKlass sun/util/calendar/CalendarUtils
instanceKlass sun/util/calendar/CalendarDate
instanceKlass sun/util/cldr/CLDRLocaleProviderAdapter$$Lambda$73
instanceKlass sun/util/locale/provider/CalendarDataUtility$CalendarWeekParameterGetter
instanceKlass sun/util/locale/provider/LocaleServiceProviderPool$LocalizedObjectGetter
instanceKlass sun/util/locale/provider/LocaleServiceProviderPool
instanceKlass java/util/Calendar
instanceKlass sun/util/calendar/ZoneInfoFile$ZoneOffsetTransitionRule
instanceKlass sun/util/calendar/ZoneInfoFile$1
instanceKlass sun/util/calendar/ZoneInfoFile
instanceKlass java/util/TimeZone
instanceKlass org/eclipse/jetty/http/DateGenerator
instanceKlass org/eclipse/jetty/server/Response
instanceKlass org/eclipse/jetty/server/HttpInput$State
instanceKlass org/eclipse/jetty/server/HttpInput$Interceptor
instanceKlass javax/servlet/AsyncContext
instanceKlass org/eclipse/jetty/server/MultiParts
instanceKlass org/eclipse/jetty/server/PushBuilder
instanceKlass org/eclipse/jetty/server/Request
instanceKlass javax/servlet/AsyncEvent
instanceKlass org/eclipse/jetty/server/HttpChannelState
instanceKlass org/eclipse/jetty/server/HttpChannel$$Lambda$72
instanceKlass org/eclipse/jetty/util/IteratingCallback
instanceKlass org/eclipse/jetty/server/HttpConnection$AsyncReadCallback
instanceKlass org/eclipse/jetty/server/HttpConnection$BlockingReadCallback
instanceKlass org/eclipse/jetty/util/Callback$1
instanceKlass org/eclipse/jetty/io/AbstractConnection$ReadCallback
instanceKlass org/eclipse/jetty/http/PreEncodedHttpField$1
instanceKlass org/eclipse/jetty/http/Http1FieldPreEncoder
instanceKlass org/eclipse/jetty/http/HttpFieldPreEncoder
instanceKlass org/eclipse/jetty/server/HttpInput$Content
instanceKlass org/eclipse/jetty/http/HttpParser$ComplianceHandler
instanceKlass org/eclipse/jetty/http/HttpParser$RequestHandler
instanceKlass org/eclipse/jetty/http/HttpParser$HttpHandler
instanceKlass org/eclipse/jetty/io/IdleTimeout$$Lambda$71
instanceKlass org/eclipse/jetty/io/ChannelEndPoint$RunnableTask
instanceKlass org/eclipse/jetty/io/ChannelEndPoint$$Lambda$70
instanceKlass org/eclipse/jetty/io/WriteFlusher$State
instanceKlass org/eclipse/jetty/io/QuietException
instanceKlass org/eclipse/jetty/io/WriteFlusher
instanceKlass org/eclipse/jetty/io/FillInterest
instanceKlass java/lang/invoke/ConstantBootstraps
instanceKlass java/util/concurrent/atomic/AtomicReferenceFieldUpdater$AtomicReferenceFieldUpdaterImpl$1
instanceKlass java/util/concurrent/atomic/AtomicReferenceFieldUpdater
instanceKlass java/nio/channels/SelectionKey
instanceKlass org/eclipse/jetty/io/ManagedSelector$Accept
instanceKlass sun/nio/ch/SocketChannelImpl$DefaultOptionsHolder
instanceKlass java/net/Socket
instanceKlass sun/nio/ch/NativeThread
instanceKlass java/nio/channels/spi/AbstractInterruptibleChannel$1
instanceKlass org/eclipse/jetty/server/AbstractConnector$Acceptor
instanceKlass java/nio/channels/spi/AbstractSelector$1
instanceKlass sun/nio/ch/Interruptible
instanceKlass org/eclipse/jetty/util/thread/strategy/EatWhatYouKill$1
instanceKlass org/eclipse/jetty/io/ManagedSelector$Start
instanceKlass org/eclipse/jetty/io/ManagedSelector$$Lambda$69
instanceKlass java/lang/invoke/LambdaForm$DMH
instanceKlass sun/nio/ch/EPoll
instanceKlass sun/nio/ch/Util$2
instanceKlass sun/nio/ch/Util
instanceKlass java/nio/channels/Selector
instanceKlass org/eclipse/jetty/io/ManagedSelector$SelectorProducer
instanceKlass org/eclipse/jetty/util/thread/ExecutionStrategy
instanceKlass org/eclipse/jetty/util/thread/ExecutionStrategy$Producer
instanceKlass org/eclipse/jetty/server/ConnectionFactory$Detecting
instanceKlass sun/net/NetHooks$Provider
instanceKlass sun/net/NetHooks
instanceKlass sun/nio/ch/ExtendedSocketOption$1
instanceKlass sun/nio/ch/ExtendedSocketOption
instanceKlass sun/nio/ch/OptionKey
instanceKlass sun/nio/ch/SocketOptionRegistry$LazyInitialization
instanceKlass sun/nio/ch/SocketOptionRegistry$RegistryKey
instanceKlass sun/nio/ch/SocketOptionRegistry
instanceKlass java/util/stream/Collectors$$Lambda$68
instanceKlass java/util/stream/Collectors$$Lambda$67
instanceKlass java/util/stream/Collectors$$Lambda$66
instanceKlass java/util/stream/Collectors$$Lambda$65
instanceKlass sun/net/ext/ExtendedSocketOptions$$Lambda$64
instanceKlass sun/nio/ch/ServerSocketChannelImpl$DefaultOptionsHolder
instanceKlass java/net/AbstractPlainSocketImpl$1
instanceKlass java/net/NetworkInterface
instanceKlass java/net/StandardSocketOptions$StdSocketOption
instanceKlass java/net/StandardSocketOptions
instanceKlass java/net/SocketImpl
instanceKlass java/net/SocketOptions
instanceKlass java/net/SocksConsts
instanceKlass java/net/ServerSocket$2
instanceKlass jdk/internal/misc/JavaNetSocketAccess
instanceKlass java/net/ServerSocket
instanceKlass java/net/InetSocketAddress$InetSocketAddressHolder
instanceKlass java/net/Inet6Address$Inet6AddressHolder
instanceKlass java/net/InetAddress$PlatformNameService
instanceKlass java/net/InetAddress$NameService
instanceKlass java/net/Inet6AddressImpl
instanceKlass java/net/InetAddressImpl
instanceKlass java/net/InetAddressImplFactory
instanceKlass java/util/concurrent/ConcurrentSkipListMap$Node
instanceKlass java/util/concurrent/ConcurrentSkipListMap$Index
instanceKlass java/util/concurrent/ConcurrentNavigableMap
instanceKlass java/util/NavigableMap
instanceKlass java/util/SortedMap
instanceKlass java/util/NavigableSet
instanceKlass java/util/SortedSet
instanceKlass java/net/InetAddress$InetAddressHolder
instanceKlass java/net/InetAddress$2
instanceKlass jdk/internal/misc/JavaNetInetAddressAccess
instanceKlass java/net/InetAddress$1
instanceKlass jdk/net/LinuxSocketOptions$$Lambda$63
instanceKlass jdk/net/ExtendedSocketOptions$PlatformSocketOptions$1
instanceKlass jdk/net/ExtendedSocketOptions$PlatformSocketOptions
instanceKlass jdk/net/SocketFlow
instanceKlass jdk/net/ExtendedSocketOptions$ExtSocketOption
instanceKlass java/net/SocketOption
instanceKlass jdk/net/ExtendedSocketOptions
instanceKlass sun/net/ext/ExtendedSocketOptions
instanceKlass sun/nio/ch/Net$1
instanceKlass java/net/ProtocolFamily
instanceKlass sun/nio/ch/Net
instanceKlass sun/nio/ch/NativeDispatcher
instanceKlass java/net/InetAddress
instanceKlass sun/nio/ch/IOUtil$1
instanceKlass sun/nio/ch/IOUtil
instanceKlass sun/nio/ch/SelChImpl
instanceKlass sun/nio/ch/DefaultSelectorProvider
instanceKlass java/nio/channels/spi/SelectorProvider$1
instanceKlass java/nio/channels/spi/SelectorProvider
instanceKlass org/eclipse/jetty/server/session/SessionContext
instanceKlass org/eclipse/jetty/util/thread/ScheduledExecutorScheduler$ScheduledFutureTask
instanceKlass java/util/concurrent/TimeUnit$1
instanceKlass java/util/concurrent/Executors$RunnableAdapter
instanceKlass java/util/concurrent/Executors
instanceKlass java/util/concurrent/FutureTask$WaitNode
instanceKlass java/util/concurrent/FutureTask
instanceKlass org/eclipse/jetty/server/session/HouseKeeper$Runner
instanceKlass java/util/concurrent/RunnableScheduledFuture
instanceKlass java/util/concurrent/ScheduledFuture
instanceKlass java/util/concurrent/Delayed
instanceKlass java/util/concurrent/RunnableFuture
instanceKlass org/eclipse/jetty/util/thread/ScheduledExecutorScheduler$$Lambda$62
instanceKlass java/util/concurrent/ThreadPoolExecutor$AbortPolicy
instanceKlass java/util/concurrent/RejectedExecutionHandler
instanceKlass java/util/concurrent/AbstractExecutorService
instanceKlass java/security/SecureRandomParameters
instanceKlass java/security/Provider$UString
instanceKlass java/security/Provider$Service
instanceKlass sun/security/provider/FileInputStreamPool
instanceKlass sun/security/provider/NativePRNG$RandomIO
instanceKlass sun/security/provider/NativePRNG$2
instanceKlass sun/security/provider/NativePRNG$1
instanceKlass java/security/SecureRandomSpi
instanceKlass sun/security/provider/SunEntries$1
instanceKlass sun/security/provider/SunEntries
instanceKlass java/util/AbstractList$Itr
instanceKlass sun/security/jca/ProviderList$2
instanceKlass java/security/Provider$EngineDescription
instanceKlass java/security/Provider$ServiceKey
instanceKlass sun/security/jca/ProviderConfig
instanceKlass sun/security/jca/ProviderList
instanceKlass sun/security/jca/Providers
instanceKlass java/util/Random
instanceKlass org/eclipse/jetty/server/session/SessionDataStoreFactory
instanceKlass org/eclipse/jetty/server/session/SessionCacheFactory
instanceKlass javax/servlet/ServletRequestAttributeListener
instanceKlass javax/servlet/ServletRequestListener
instanceKlass javax/servlet/ServletContextAttributeListener
instanceKlass javax/servlet/ServletContextListener
instanceKlass org/eclipse/jetty/server/handler/ContextHandler$AliasCheck
instanceKlass javax/servlet/ServletContext
instanceKlass java/util/stream/ReduceOps$5ReducingSink
instanceKlass java/util/stream/Sink$OfInt
instanceKlass java/util/function/IntConsumer
instanceKlass java/util/stream/IntPipeline$$Lambda$61
instanceKlass java/util/function/IntBinaryOperator
instanceKlass java/util/stream/IntStream
instanceKlass org/eclipse/jetty/util/thread/ThreadPoolBudget$$Lambda$60
instanceKlass java/util/function/ToIntFunction
instanceKlass java/lang/invoke/LambdaForm$DMH
instanceKlass org/eclipse/jetty/util/thread/ThreadPoolBudget$Leased
instanceKlass java/util/concurrent/ConcurrentLinkedDeque$Node
instanceKlass org/eclipse/jetty/util/thread/ReservedThreadExecutor$1
instanceKlass org/eclipse/jetty/http/HttpStatus
instanceKlass org/eclipse/jetty/http/HttpGenerator$PreparedResponse
instanceKlass jdk/internal/math/FloatingDecimal$ASCIIToBinaryBuffer
instanceKlass jdk/internal/math/FloatingDecimal$PreparedASCIIToBinaryBuffer
instanceKlass jdk/internal/math/FloatingDecimal$ASCIIToBinaryConverter
instanceKlass jdk/internal/math/FloatingDecimal$BinaryToASCIIBuffer
instanceKlass jdk/internal/math/FloatingDecimal$ExceptionalBinaryToASCIIBuffer
instanceKlass jdk/internal/math/FloatingDecimal$BinaryToASCIIConverter
instanceKlass jdk/internal/math/FloatingDecimal
instanceKlass org/eclipse/jetty/http/HttpFields
instanceKlass org/eclipse/jetty/http/MetaData
instanceKlass org/eclipse/jetty/http/HttpGenerator
instanceKlass org/eclipse/jetty/server/ShutdownMonitor$Holder
instanceKlass org/eclipse/jetty/server/ShutdownMonitor
instanceKlass org/eclipse/jetty/server/handler/ErrorHandler$ErrorPageMapper
instanceKlass org/eclipse/jetty/http/pathmap/PathSpec
instanceKlass spark/embeddedserver/jetty/websocket/WebSocketServletContextHandlerFactory
instanceKlass java/util/concurrent/CopyOnWriteArrayList$$Lambda$59
instanceKlass org/eclipse/jetty/util/component/Container$InheritedListener
instanceKlass org/eclipse/jetty/io/SelectorManager$$Lambda$58
instanceKlass java/util/function/IntUnaryOperator
instanceKlass org/eclipse/jetty/io/ManagedSelector$SelectorUpdate
instanceKlass java/lang/ProcessEnvironment$ExternalData
instanceKlass java/lang/ProcessEnvironment
instanceKlass org/eclipse/jetty/util/ProcessorUtils
instanceKlass org/eclipse/jetty/server/AbstractConnector$1
instanceKlass org/eclipse/jetty/io/ByteBufferPool$Bucket
instanceKlass org/eclipse/jetty/io/AbstractByteBufferPool
instanceKlass org/eclipse/jetty/util/thread/Scheduler$Task
instanceKlass org/eclipse/jetty/server/HttpChannel$1
instanceKlass org/eclipse/jetty/server/HttpChannel$Listener
instanceKlass org/eclipse/jetty/util/Callback
instanceKlass org/eclipse/jetty/util/thread/Invocable
instanceKlass org/eclipse/jetty/server/RequestLog
instanceKlass org/eclipse/jetty/server/HttpChannel
instanceKlass org/eclipse/jetty/server/HttpOutput$Interceptor
instanceKlass java/util/concurrent/atomic/AtomicReference
instanceKlass org/eclipse/jetty/util/component/Graceful$Shutdown
instanceKlass org/eclipse/jetty/io/IdleTimeout
instanceKlass org/eclipse/jetty/io/EndPoint
instanceKlass org/eclipse/jetty/io/ManagedSelector$Selectable
instanceKlass java/nio/channels/GatheringByteChannel
instanceKlass java/nio/channels/ScatteringByteChannel
instanceKlass java/nio/channels/ByteChannel
instanceKlass java/nio/channels/WritableByteChannel
instanceKlass java/nio/channels/ReadableByteChannel
instanceKlass java/net/SocketAddress
instanceKlass java/nio/channels/NetworkChannel
instanceKlass java/nio/channels/spi/AbstractInterruptibleChannel
instanceKlass java/nio/channels/InterruptibleChannel
instanceKlass java/nio/channels/Channel
instanceKlass org/eclipse/jetty/io/ByteBufferPool
instanceKlass org/eclipse/jetty/server/NetworkConnector
instanceKlass org/eclipse/jetty/server/Connector
instanceKlass org/eclipse/jetty/util/component/Graceful
instanceKlass org/eclipse/jetty/http/HttpParser
instanceKlass org/eclipse/jetty/io/Connection$UpgradeTo
instanceKlass org/eclipse/jetty/io/Connection$UpgradeFrom
instanceKlass org/eclipse/jetty/io/WriteFlusher$Listener
instanceKlass org/eclipse/jetty/server/HttpTransport
instanceKlass org/eclipse/jetty/io/AbstractConnection
instanceKlass org/eclipse/jetty/io/Connection
instanceKlass org/eclipse/jetty/server/ConnectionFactory
instanceKlass org/eclipse/jetty/server/HttpConfiguration$ConnectionFactory
instanceKlass org/eclipse/jetty/http/QuotedCSVParser
instanceKlass org/eclipse/jetty/util/HostPort
instanceKlass org/eclipse/jetty/server/ForwardedRequestCustomizer
instanceKlass org/eclipse/jetty/util/StringUtil
instanceKlass java/nio/charset/StandardCharsets
instanceKlass org/eclipse/jetty/util/BufferUtil
instanceKlass org/eclipse/jetty/util/AbstractTrie
instanceKlass java/util/regex/Pattern$$Lambda$57
instanceKlass java/time/LocalTime
instanceKlass java/time/LocalDate
instanceKlass java/time/chrono/ChronoLocalDate
instanceKlass java/time/LocalDateTime
instanceKlass java/time/chrono/ChronoLocalDateTime
instanceKlass java/time/Instant$1
instanceKlass java/time/format/DateTimePrintContext
instanceKlass java/time/format/DateTimeFormatter$$Lambda$56
instanceKlass java/time/format/DateTimeFormatter$$Lambda$55
instanceKlass java/time/Period
instanceKlass java/time/chrono/ChronoPeriod
instanceKlass java/time/format/DateTimeFormatterBuilder$TextPrinterParser
instanceKlass java/time/format/DateTimeTextProvider$1
instanceKlass java/time/format/DateTimeTextProvider
instanceKlass java/util/LinkedHashMap$LinkedHashIterator
instanceKlass java/util/Collections$1
instanceKlass java/util/AbstractMap$SimpleImmutableEntry
instanceKlass java/time/format/DateTimeTextProvider$LocaleStore
instanceKlass java/time/format/DateTimeFormatterBuilder$InstantPrinterParser
instanceKlass java/time/format/DateTimeFormatterBuilder$StringLiteralPrinterParser
instanceKlass java/time/format/DateTimeFormatterBuilder$ZoneIdPrinterParser
instanceKlass java/time/format/DateTimeFormatterBuilder$OffsetIdPrinterParser
instanceKlass java/time/format/DecimalStyle
instanceKlass java/time/format/DateTimeFormatterBuilder$CompositePrinterParser
instanceKlass java/time/chrono/AbstractChronology
instanceKlass java/time/chrono/Chronology
instanceKlass java/time/format/DateTimeFormatterBuilder$CharLiteralPrinterParser
instanceKlass java/time/format/DateTimeFormatterBuilder$NumberPrinterParser
instanceKlass java/time/format/DateTimeFormatterBuilder$DateTimePrinterParser
instanceKlass java/time/format/DateTimeFormatterBuilder$2
instanceKlass java/time/temporal/JulianFields
instanceKlass java/time/temporal/IsoFields
instanceKlass java/time/temporal/ValueRange
instanceKlass java/time/Duration
instanceKlass java/time/temporal/TemporalAmount
instanceKlass java/time/temporal/TemporalUnit
instanceKlass java/time/temporal/TemporalField
instanceKlass java/lang/Character$CharacterCache
instanceKlass java/time/format/DateTimeFormatterBuilder$$Lambda$54
instanceKlass java/time/temporal/TemporalQuery
instanceKlass java/time/ZoneId
instanceKlass java/time/format/DateTimeFormatterBuilder
instanceKlass java/time/format/DateTimeFormatter
instanceKlass java/time/Instant
instanceKlass java/time/temporal/TemporalAdjuster
instanceKlass java/time/temporal/Temporal
instanceKlass java/time/temporal/TemporalAccessor
instanceKlass org/eclipse/jetty/util/Jetty
instanceKlass org/eclipse/jetty/util/Trie
instanceKlass org/eclipse/jetty/server/HttpConfiguration
instanceKlass org/eclipse/jetty/server/HttpConfiguration$Customizer
instanceKlass org/eclipse/jetty/util/ssl/SniX509ExtendedKeyManager$SniSelector
instanceKlass spark/embeddedserver/jetty/SocketConnectorFactory
instanceKlass org/eclipse/jetty/util/component/ContainerLifeCycle$1
instanceKlass org/eclipse/jetty/util/component/Container$Listener
instanceKlass org/eclipse/jetty/util/component/ContainerLifeCycle$Bean
instanceKlass org/eclipse/jetty/util/thread/ThreadPoolBudget$1
instanceKlass org/eclipse/jetty/util/thread/ThreadPoolBudget$Lease
instanceKlass org/eclipse/jetty/util/thread/ThreadPoolBudget
instanceKlass org/eclipse/jetty/util/MemoryUtils$1
instanceKlass org/eclipse/jetty/util/MemoryUtils
instanceKlass org/eclipse/jetty/util/thread/QueuedThreadPool$Runner
instanceKlass org/eclipse/jetty/util/thread/QueuedThreadPool$$Lambda$53
instanceKlass java/lang/invoke/LambdaForm$DMH
instanceKlass org/eclipse/jetty/util/thread/TryExecutor$1
instanceKlass org/eclipse/jetty/util/thread/TryExecutor
instanceKlass org/eclipse/jetty/util/thread/ThreadPool$SizedThreadPool
instanceKlass org/eclipse/jetty/util/thread/Locker$Lock
instanceKlass org/eclipse/jetty/util/thread/Locker
instanceKlass javax/servlet/http/HttpServletRequest
instanceKlass javax/servlet/http/HttpServletResponse
instanceKlass org/eclipse/jetty/http/HttpField
instanceKlass org/eclipse/jetty/util/Attributes
instanceKlass spark/embeddedserver/jetty/EmbeddedJettyServer
instanceKlass org/eclipse/jetty/server/session/SessionHandler$CookieConfig
instanceKlass org/eclipse/jetty/util/statistic/CounterStatistic$$Lambda$52
instanceKlass org/eclipse/jetty/util/statistic/CounterStatistic
instanceKlass org/eclipse/jetty/util/statistic/SampleStatistic$$Lambda$51
instanceKlass java/util/function/LongBinaryOperator
instanceKlass java/lang/invoke/LambdaForm$DMH
instanceKlass java/util/concurrent/atomic/Striped64$1
instanceKlass org/eclipse/jetty/util/statistic/SampleStatistic
instanceKlass org/eclipse/jetty/server/session/SessionHandler$1
instanceKlass javax/servlet/http/HttpSessionListener
instanceKlass javax/servlet/http/HttpSessionIdListener
instanceKlass javax/servlet/http/HttpSessionAttributeListener
instanceKlass java/util/EventListener
instanceKlass org/slf4j/helpers/FormattingTuple
instanceKlass org/slf4j/helpers/MessageFormatter
instanceKlass java/util/Formattable
instanceKlass java/util/Formatter$Conversion
instanceKlass java/util/Formatter$Flags
instanceKlass java/util/Formatter$FormatSpecifier
instanceKlass java/util/Formatter$FixedString
instanceKlass java/util/Formatter$FormatString
instanceKlass java/util/regex/ASCII
instanceKlass java/util/regex/IntHashSet
instanceKlass java/util/regex/Matcher
instanceKlass java/util/regex/MatchResult
instanceKlass sun/util/resources/Bundles$2
instanceKlass sun/util/resources/Bundles$CacheKeyReference
instanceKlass java/util/ResourceBundle$ResourceBundleProviderHelper$$Lambda$50
instanceKlass java/util/ResourceBundle$ResourceBundleProviderHelper
instanceKlass java/util/ArrayList$SubList$1
instanceKlass java/util/LinkedList$Node
instanceKlass sun/util/resources/LocaleData$LocaleDataResourceBundleProvider
instanceKlass java/util/spi/ResourceBundleProvider
instanceKlass sun/util/resources/Bundles$CacheKey
instanceKlass java/util/ResourceBundle$1
instanceKlass jdk/internal/misc/JavaUtilResourceBundleAccess
instanceKlass sun/util/resources/Bundles
instanceKlass sun/util/resources/LocaleData$LocaleDataStrategy
instanceKlass sun/util/resources/Bundles$Strategy
instanceKlass sun/util/resources/LocaleData$1
instanceKlass sun/util/locale/provider/CalendarDataUtility
instanceKlass java/util/StringTokenizer
instanceKlass sun/util/locale/provider/AvailableLanguageTags
instanceKlass sun/util/locale/provider/JRELocaleProviderAdapter$$Lambda$49
instanceKlass sun/util/resources/cldr/provider/CLDRLocaleDataMetaInfo
instanceKlass jdk/internal/jimage/decompressor/ZipDecompressor
instanceKlass jdk/internal/jimage/decompressor/ResourceDecompressor
instanceKlass jdk/internal/jimage/decompressor/ResourceDecompressorFactory
instanceKlass jdk/internal/jimage/decompressor/ResourceDecompressorRepository
instanceKlass jdk/internal/jimage/decompressor/CompressedResourceHeader
instanceKlass jdk/internal/jimage/BasicImageReader$$Lambda$48
instanceKlass jdk/internal/jimage/decompressor/ResourceDecompressor$StringsProvider
instanceKlass java/util/TimSort
instanceKlass java/util/Arrays$LegacyMergeSort
instanceKlass jdk/internal/jimage/ImageBufferCache$2
instanceKlass jdk/internal/jimage/ImageBufferCache
instanceKlass jdk/internal/module/ModulePatcher$PatchedModuleReader
instanceKlass sun/util/cldr/CLDRLocaleProviderAdapter$1
instanceKlass sun/util/locale/StringTokenIterator
instanceKlass sun/util/locale/ParseStatus
instanceKlass sun/util/cldr/CLDRBaseLocaleDataMetaInfo
instanceKlass sun/util/locale/provider/LocaleDataMetaInfo
instanceKlass sun/util/locale/provider/LocaleProviderAdapter$1
instanceKlass java/util/ResourceBundle
instanceKlass java/util/ResourceBundle$Control
instanceKlass sun/util/resources/LocaleData
instanceKlass sun/util/locale/provider/LocaleResources
instanceKlass sun/util/locale/LanguageTag
instanceKlass sun/util/locale/provider/ResourceBundleBasedAdapter
instanceKlass sun/util/locale/provider/LocaleProviderAdapter
instanceKlass java/util/spi/LocaleServiceProvider
instanceKlass java/text/DecimalFormatSymbols
instanceKlass java/util/Locale$1
instanceKlass java/util/regex/Pattern$BmpCharPredicate$$Lambda$47
instanceKlass java/util/regex/Pattern$$Lambda$46
instanceKlass java/util/regex/Pattern$$Lambda$45
instanceKlass java/util/regex/Pattern$BitClass$$Lambda$44
instanceKlass java/util/Formatter
instanceKlass java/util/stream/Collectors$$Lambda$43
instanceKlass java/util/stream/Collectors$$Lambda$42
instanceKlass java/util/stream/Collectors$$Lambda$41
instanceKlass sun/management/spi/PlatformMBeanProvider$PlatformComponent$$Lambda$40
instanceKlass sun/management/spi/PlatformMBeanProvider$PlatformComponent$$Lambda$39
instanceKlass sun/management/RuntimeImpl
instanceKlass java/util/stream/ReduceOps$2ReducingSink
instanceKlass java/lang/management/ManagementFactory$PlatformMBeanFinder$$Lambda$38
instanceKlass java/lang/management/ManagementFactory$PlatformMBeanFinder$$Lambda$37
instanceKlass java/util/Collections$2
instanceKlass jdk/management/jfr/internal/FlightRecorderMXBeanProvider$SingleMBeanComponent
instanceKlass jdk/management/jfr/FlightRecorderMXBean
instanceKlass java/util/HashMap$HashMapSpliterator
instanceKlass java/lang/management/ManagementFactory$PlatformMBeanFinder$$Lambda$36
instanceKlass java/lang/management/ManagementFactory$PlatformMBeanFinder$$Lambda$35
instanceKlass java/util/stream/Collectors$$Lambda$34
instanceKlass java/util/stream/Collectors$$Lambda$33
instanceKlass java/lang/invoke/LambdaForm$DMH
instanceKlass java/util/stream/Collectors$$Lambda$32
instanceKlass java/lang/management/ManagementFactory$PlatformMBeanFinder$$Lambda$31
instanceKlass java/lang/invoke/LambdaForm$DMH
instanceKlass java/util/function/Function$$Lambda$30
instanceKlass java/lang/management/ManagementFactory$PlatformMBeanFinder$$Lambda$29
instanceKlass java/lang/management/ManagementFactory$PlatformMBeanFinder$$Lambda$28
instanceKlass java/lang/management/DefaultPlatformMBeanProvider$11
instanceKlass java/lang/management/DefaultPlatformMBeanProvider$10
instanceKlass java/lang/management/DefaultPlatformMBeanProvider$9
instanceKlass sun/management/ManagementFactoryHelper$LoggingMXBeanAccess$1
instanceKlass sun/management/ManagementFactoryHelper$LoggingMXBeanAccess
instanceKlass java/lang/management/DefaultPlatformMBeanProvider$8
instanceKlass java/lang/management/DefaultPlatformMBeanProvider$7
instanceKlass java/lang/management/DefaultPlatformMBeanProvider$6
instanceKlass java/lang/management/DefaultPlatformMBeanProvider$5
instanceKlass java/lang/management/DefaultPlatformMBeanProvider$4
instanceKlass java/lang/management/DefaultPlatformMBeanProvider$3
instanceKlass java/lang/management/DefaultPlatformMBeanProvider$2
instanceKlass java/lang/management/DefaultPlatformMBeanProvider$1
instanceKlass com/sun/management/internal/PlatformMBeanProviderImpl$5
instanceKlass sun/management/VMManagementImpl
instanceKlass sun/management/VMManagement
instanceKlass sun/management/ManagementFactoryHelper
instanceKlass sun/management/NotificationEmitterSupport
instanceKlass javax/management/NotificationEmitter
instanceKlass javax/management/NotificationBroadcaster
instanceKlass com/sun/management/DiagnosticCommandMBean
instanceKlass javax/management/DynamicMBean
instanceKlass com/sun/management/internal/PlatformMBeanProviderImpl$4
instanceKlass com/sun/management/internal/PlatformMBeanProviderImpl$3
instanceKlass com/sun/management/internal/PlatformMBeanProviderImpl$2
instanceKlass java/util/stream/Collectors$$Lambda$27
instanceKlass java/util/stream/Collectors$$Lambda$26
instanceKlass java/util/stream/Collectors$$Lambda$25
instanceKlass java/util/stream/Collectors$$Lambda$24
instanceKlass com/sun/management/internal/PlatformMBeanProviderImpl$1
instanceKlass sun/management/spi/PlatformMBeanProvider$PlatformComponent
instanceKlass com/sun/management/internal/PlatformMBeanProviderImpl$$Lambda$23
instanceKlass java/lang/management/ManagementFactory$PlatformMBeanFinder$$Lambda$22
instanceKlass sun/management/spi/PlatformMBeanProvider
instanceKlass java/io/FilePermission$1
instanceKlass jdk/internal/misc/JavaIOFilePermissionAccess
instanceKlass java/lang/management/ManagementFactory$PlatformMBeanFinder$$Lambda$21
instanceKlass java/lang/management/ManagementFactory$PlatformMBeanFinder
instanceKlass java/lang/reflect/AccessibleObject$$Lambda$20
instanceKlass java/lang/management/MemoryMXBean
instanceKlass java/lang/management/ClassLoadingMXBean
instanceKlass javax/management/MBeanServer
instanceKlass javax/management/MBeanServerConnection
instanceKlass java/lang/management/OperatingSystemMXBean
instanceKlass java/lang/management/CompilationMXBean
instanceKlass java/lang/management/ThreadMXBean
instanceKlass java/lang/management/RuntimeMXBean
instanceKlass java/lang/management/PlatformManagedObject
instanceKlass java/lang/management/ManagementFactory$$Lambda$19
instanceKlass java/lang/management/ManagementFactory
instanceKlass org/eclipse/jetty/util/Uptime$DefaultImpl
instanceKlass org/eclipse/jetty/util/Uptime$Impl
instanceKlass org/eclipse/jetty/util/Uptime
instanceKlass org/slf4j/spi/LocationAwareLogger
instanceKlass org/eclipse/jetty/util/log/AbstractLogger
instanceKlass org/eclipse/jetty/util/Loader
instanceKlass org/eclipse/jetty/util/log/Log$1
instanceKlass org/eclipse/jetty/util/log/Logger
instanceKlass org/eclipse/jetty/util/log/Log
instanceKlass javax/servlet/http/HttpSessionContext
instanceKlass javax/servlet/SessionCookieConfig
instanceKlass org/eclipse/jetty/util/thread/Scheduler
instanceKlass org/eclipse/jetty/server/SessionIdManager
instanceKlass org/eclipse/jetty/server/session/SessionDataStore
instanceKlass org/eclipse/jetty/server/session/SessionDataMap
instanceKlass org/eclipse/jetty/server/session/SessionCache
instanceKlass javax/servlet/http/HttpSession
instanceKlass org/eclipse/jetty/util/component/AbstractLifeCycle
instanceKlass org/eclipse/jetty/util/component/Dumpable$DumpableContainer
instanceKlass org/eclipse/jetty/util/component/Dumpable
instanceKlass org/eclipse/jetty/util/component/Container
instanceKlass org/eclipse/jetty/server/HandlerContainer
instanceKlass spark/serialization/Serializer
instanceKlass spark/serialization/SerializerChain
instanceKlass javax/servlet/ServletRequest
instanceKlass javax/servlet/ServletResponse
instanceKlass spark/http/matching/MatcherFilter
instanceKlass org/eclipse/jetty/util/thread/ThreadPool
instanceKlass spark/embeddedserver/jetty/JettyServer
instanceKlass spark/embeddedserver/EmbeddedServer
instanceKlass org/eclipse/jetty/server/Handler
instanceKlass org/eclipse/jetty/util/component/Destroyable
instanceKlass org/eclipse/jetty/util/component/LifeCycle
instanceKlass javax/servlet/Filter
instanceKlass spark/embeddedserver/jetty/JettyServerFactory
instanceKlass java/util/IdentityHashMap$IdentityHashMapIterator
instanceKlass spark/embeddedserver/jetty/EmbeddedJettyFactory
instanceKlass App$$Lambda$18
instanceKlass spark/route/RouteEntry
instanceKlass java/util/stream/ReduceOps$Box
instanceKlass java/util/stream/ReduceOps$AccumulatingSink
instanceKlass java/util/stream/ReduceOps$ReduceOp
instanceKlass java/util/stream/ReduceOps
instanceKlass java/util/stream/Collectors$$Lambda$17
instanceKlass java/util/stream/Collectors$$Lambda$16
instanceKlass java/util/function/BinaryOperator
instanceKlass java/util/stream/Collectors$$Lambda$15
instanceKlass java/util/function/BiConsumer
instanceKlass java/util/stream/Collectors$$Lambda$14
instanceKlass java/util/StringJoiner
instanceKlass java/util/stream/Collectors$CollectorImpl
instanceKlass java/util/stream/Collector
instanceKlass java/util/stream/Collectors
instanceKlass java/util/ArrayDeque$DeqSpliterator
instanceKlass spark/Service$$Lambda$13
instanceKlass java/lang/invoke/LambdaForm$DMH
instanceKlass sun/reflect/misc/ReflectUtil
instanceKlass spark/route/Routes
instanceKlass java/util/concurrent/Callable
instanceKlass com/github/jknack/handlebars/cache/GuavaTemplateCache
instanceKlass com/google/common/cache/LocalCache$AbstractReferenceEntry
instanceKlass java/util/concurrent/ConcurrentLinkedQueue$Node
instanceKlass java/util/concurrent/atomic/AtomicReferenceArray
instanceKlass com/google/common/cache/RemovalListener
instanceKlass com/google/common/cache/Weigher
instanceKlass com/google/common/base/Predicate
instanceKlass com/google/common/base/Equivalence
instanceKlass com/google/common/base/Objects
instanceKlass com/google/common/cache/LocalCache$StrongValueReference
instanceKlass com/google/common/cache/LocalCache$1
instanceKlass com/google/common/util/concurrent/ListenableFuture
instanceKlass java/util/concurrent/Future
instanceKlass com/google/common/util/concurrent/AbstractListeningExecutorService
instanceKlass com/google/common/util/concurrent/ListeningScheduledExecutorService
instanceKlass java/util/concurrent/ScheduledExecutorService
instanceKlass com/google/common/util/concurrent/ListeningExecutorService
instanceKlass java/util/concurrent/ExecutorService
instanceKlass java/util/concurrent/Executor
instanceKlass com/google/common/util/concurrent/MoreExecutors
instanceKlass com/google/common/cache/LocalCache$ValueReference
instanceKlass com/google/common/cache/LocalCache$ReferenceEntry
instanceKlass com/google/common/cache/CacheLoader
instanceKlass com/google/common/cache/LocalCache$LocalManualCache
instanceKlass java/lang/Long$LongCache
instanceKlass jdk/internal/logger/DefaultLoggerFinder$1
instanceKlass java/util/logging/Logger$SystemLoggerHelper$1
instanceKlass java/util/logging/Logger$SystemLoggerHelper
instanceKlass java/util/logging/LogManager$4
instanceKlass jdk/internal/logger/BootstrapLogger$BootstrapExecutors
instanceKlass jdk/internal/logger/BootstrapLogger$RedirectedLoggers
instanceKlass java/util/ServiceLoader$ProviderImpl
instanceKlass java/util/ServiceLoader$Provider
instanceKlass java/util/ServiceLoader$1
instanceKlass java/util/concurrent/CopyOnWriteArrayList$COWIterator
instanceKlass java/util/ServiceLoader$3
instanceKlass java/util/ServiceLoader$2
instanceKlass java/util/ServiceLoader$LazyClassPathLookupIterator
instanceKlass java/lang/ModuleLayer$$Lambda$12
instanceKlass java/lang/WeakPairMap$Pair$Lookup
instanceKlass java/lang/WeakPairMap$Pair
instanceKlass java/lang/WeakPairMap
instanceKlass java/lang/Module$ReflectionData
instanceKlass java/util/Spliterators$1Adapter
instanceKlass java/util/Spliterators$ArraySpliterator
instanceKlass java/util/Spliterator$OfDouble
instanceKlass java/util/Spliterator$OfLong
instanceKlass java/util/Spliterator$OfInt
instanceKlass java/util/Spliterator$OfPrimitive
instanceKlass java/util/Spliterators$EmptySpliterator
instanceKlass java/util/Spliterators
instanceKlass jdk/internal/loader/AbstractClassLoaderValue$Memoizer
instanceKlass java/util/ServiceLoader$ModuleServicesLookupIterator
instanceKlass java/util/ServiceLoader
instanceKlass jdk/internal/logger/BootstrapLogger$DetectBackend$1
instanceKlass jdk/internal/logger/BootstrapLogger$DetectBackend
instanceKlass jdk/internal/logger/BootstrapLogger
instanceKlass sun/util/logging/PlatformLogger$ConfigurableBridge
instanceKlass sun/util/logging/PlatformLogger$Bridge
instanceKlass java/lang/System$Logger
instanceKlass java/util/stream/Streams
instanceKlass java/util/stream/Streams$AbstractStreamBuilderImpl
instanceKlass java/util/stream/Stream$Builder
instanceKlass java/util/stream/Sink$ChainedReference
instanceKlass java/util/stream/FindOps$FindSink$OfRef$$Lambda$11
instanceKlass java/util/stream/FindOps$FindSink$OfRef$$Lambda$10
instanceKlass java/util/stream/FindOps$FindSink$OfRef$$Lambda$9
instanceKlass java/util/stream/FindOps$FindSink$OfRef$$Lambda$8
instanceKlass java/util/stream/FindOps$FindOp
instanceKlass java/util/stream/TerminalOp
instanceKlass java/util/stream/FindOps$FindSink
instanceKlass java/util/stream/TerminalSink
instanceKlass java/util/stream/Sink
instanceKlass java/util/stream/FindOps
instanceKlass java/util/logging/Level$KnownLevel$$Lambda$7
instanceKlass sun/reflect/annotation/AnnotationParser
instanceKlass java/lang/Class$3
instanceKlass java/util/EnumMap$1
instanceKlass java/util/stream/StreamOpFlag$MaskBuilder
instanceKlass java/util/stream/PipelineHelper
instanceKlass java/util/stream/Stream
instanceKlass java/util/stream/BaseStream
instanceKlass java/util/stream/StreamSupport
instanceKlass java/util/ArrayList$ArrayListSpliterator
instanceKlass java/util/Spliterator
instanceKlass java/util/logging/Level$$Lambda$6
instanceKlass java/util/Hashtable$Enumerator
instanceKlass java/util/Collections$3
instanceKlass java/util/logging/LogManager$LoggerContext$1
instanceKlass java/util/logging/LogManager$VisitedLoggers
instanceKlass java/util/function/Predicate
instanceKlass java/lang/invoke/LambdaForm$MH
instanceKlass java/lang/invoke/LambdaForm$MH
instanceKlass sun/invoke/util/ValueConversions$WrapperCache
instanceKlass java/lang/invoke/LambdaForm$MH
instanceKlass java/lang/invoke/MethodHandles$1
instanceKlass java/lang/Byte$ByteCache
instanceKlass java/lang/invoke/LambdaForm$MH
instanceKlass java/lang/invoke/LambdaForm$MH
instanceKlass java/lang/invoke/LambdaForm$MH
instanceKlass java/lang/invoke/LambdaForm$MH
instanceKlass java/lang/invoke/LambdaForm$MH
instanceKlass java/lang/invoke/LambdaForm$MH
instanceKlass java/lang/invoke/LambdaForm$MH
instanceKlass java/lang/invoke/LambdaForm$MH
instanceKlass java/lang/invoke/LambdaForm$MH
instanceKlass java/lang/invoke/LambdaForm$MH
instanceKlass java/util/Arrays$ArrayItr
instanceKlass java/lang/ClassValue$Version
instanceKlass java/lang/ClassValue$Identity
instanceKlass java/lang/ClassValue
instanceKlass java/lang/invoke/StringConcatFactory$Stringifiers
instanceKlass java/lang/StringConcatHelper
instanceKlass java/lang/invoke/StringConcatFactory$MethodHandleInlineCopyStrategy$3
instanceKlass java/lang/invoke/StringConcatFactory$MethodHandleInlineCopyStrategy$2
instanceKlass java/lang/invoke/StringConcatFactory$MethodHandleInlineCopyStrategy$1
instanceKlass java/lang/invoke/StringConcatFactory$MethodHandleInlineCopyStrategy
instanceKlass java/lang/invoke/StringConcatFactory$RecipeElement
instanceKlass java/lang/invoke/StringConcatFactory$Recipe
instanceKlass java/lang/invoke/StringConcatFactory$1
instanceKlass java/lang/invoke/StringConcatFactory
instanceKlass java/util/logging/LogManager$2
instanceKlass java/lang/System$LoggerFinder
instanceKlass java/util/Properties$LineReader
instanceKlass java/security/Security$1
instanceKlass java/security/Security
instanceKlass sun/security/util/SecurityProperties
instanceKlass sun/security/util/FilePermCompat
instanceKlass sun/security/util/SecurityConstants
instanceKlass java/security/AccessController$1
instanceKlass java/util/logging/LogManager$LoggingProviderAccess
instanceKlass sun/util/logging/internal/LoggingProviderImpl$LogManagerAccess
instanceKlass java/lang/Shutdown$Lock
instanceKlass java/lang/Shutdown
instanceKlass java/lang/ApplicationShutdownHooks$1
instanceKlass java/lang/ApplicationShutdownHooks
instanceKlass java/util/Collections$SynchronizedMap
instanceKlass java/util/logging/LogManager$LogNode
instanceKlass java/util/logging/LogManager$LoggerContext
instanceKlass java/util/logging/LogManager$1
instanceKlass java/util/logging/LogManager
instanceKlass java/util/logging/Logger$ConfigurationData
instanceKlass java/util/logging/Logger$LoggerBundle
instanceKlass java/util/logging/Level
instanceKlass java/util/logging/Handler
instanceKlass java/util/logging/Logger
instanceKlass com/google/common/cache/CacheBuilder$2
instanceKlass com/google/common/base/Preconditions
instanceKlass com/google/common/cache/CacheStats
instanceKlass com/google/common/base/Suppliers$SupplierOfInstance
instanceKlass com/google/common/base/Suppliers
instanceKlass com/google/common/cache/CacheBuilder$1
instanceKlass com/google/common/cache/AbstractCache$StatsCounter
instanceKlass com/google/common/cache/LoadingCache
instanceKlass com/google/common/base/Function
instanceKlass com/google/common/cache/Cache
instanceKlass com/google/common/base/Ticker
instanceKlass com/google/common/base/Supplier
instanceKlass com/google/common/cache/CacheBuilder
instanceKlass com/github/jknack/handlebars/Formatter$1
instanceKlass com/github/jknack/handlebars/Formatter
instanceKlass com/github/jknack/handlebars/Parser
instanceKlass org/antlr/v4/runtime/TokenStream
instanceKlass org/antlr/v4/runtime/TokenSource
instanceKlass org/antlr/v4/runtime/CharStream
instanceKlass org/antlr/v4/runtime/IntStream
instanceKlass org/antlr/v4/runtime/ANTLRErrorStrategy
instanceKlass org/antlr/v4/runtime/Recognizer
instanceKlass com/github/jknack/handlebars/internal/HbsParserFactory
instanceKlass com/github/jknack/handlebars/EscapingStrategy$4
instanceKlass com/github/jknack/handlebars/EscapingStrategy$3
instanceKlass com/github/jknack/handlebars/EscapingStrategy$2
instanceKlass com/github/jknack/handlebars/EscapingStrategy$1
instanceKlass org/apache/commons/lang3/text/translate/CharSequenceTranslator
instanceKlass com/github/jknack/handlebars/EscapingStrategy$Hbs
instanceKlass com/github/jknack/handlebars/EscapingStrategy
instanceKlass com/github/jknack/handlebars/helper/InlineDecorator
instanceKlass com/github/jknack/handlebars/Decorator
instanceKlass com/github/jknack/handlebars/helper/LogHelper
instanceKlass com/github/jknack/handlebars/helper/LookupHelper
instanceKlass java/util/regex/CharPredicates$$Lambda$5
instanceKlass java/util/regex/Pattern$$Lambda$4
instanceKlass jdk/internal/org/objectweb/asm/FieldVisitor
instanceKlass com/github/jknack/handlebars/helper/I18nSource
instanceKlass com/github/jknack/handlebars/helper/PrecompileHelper
instanceKlass com/github/jknack/handlebars/helper/PartialHelper
instanceKlass com/github/jknack/handlebars/helper/BlockHelper
instanceKlass com/github/jknack/handlebars/helper/EmbeddedHelper
instanceKlass com/github/jknack/handlebars/helper/EachHelper
instanceKlass com/github/jknack/handlebars/helper/UnlessHelper
instanceKlass com/github/jknack/handlebars/helper/IfHelper
instanceKlass com/github/jknack/handlebars/helper/WithHelper
instanceKlass sun/nio/fs/UnixFileKey
instanceKlass sun/net/www/protocol/jar/URLJarFileCallBack
instanceKlass sun/net/www/MessageHeader
instanceKlass sun/net/www/protocol/jar/JarFileFactory
instanceKlass sun/net/www/protocol/jar/URLJarFile$URLJarFileCloseController
instanceKlass java/net/URLConnection
instanceKlass java/io/Reader
instanceKlass com/github/jknack/handlebars/internal/Files
instanceKlass org/mozilla/javascript/Script
instanceKlass org/mozilla/javascript/debug/DebuggableScript
instanceKlass org/mozilla/javascript/Icode
instanceKlass org/mozilla/javascript/Node
instanceKlass org/mozilla/javascript/optimizer/Codegen
instanceKlass org/mozilla/javascript/Evaluator
instanceKlass org/mozilla/javascript/ScriptRuntime$DefaultMessageProvider
instanceKlass org/mozilla/javascript/ScriptableObject$Slot
instanceKlass org/mozilla/javascript/ContextFactory$GlobalSetter
instanceKlass org/mozilla/javascript/ContextFactory
instanceKlass sun/util/calendar/CalendarSystem$GregorianHolder
instanceKlass sun/util/calendar/CalendarSystem
instanceKlass java/util/Date
instanceKlass org/mozilla/javascript/Kit
instanceKlass org/mozilla/javascript/ScriptRuntime$MessageProvider
instanceKlass org/mozilla/javascript/ScriptRuntime
instanceKlass org/mozilla/javascript/ContextAction
instanceKlass org/mozilla/javascript/Context$ClassShutterSetter
instanceKlass org/mozilla/javascript/Function
instanceKlass org/mozilla/javascript/Callable
instanceKlass org/mozilla/javascript/ContextFactory$Listener
instanceKlass org/mozilla/javascript/ErrorReporter
instanceKlass org/mozilla/javascript/IdFunctionCall
instanceKlass org/mozilla/javascript/ScriptableObject
instanceKlass org/mozilla/javascript/ConstProperties
instanceKlass org/mozilla/javascript/debug/DebuggableObject
instanceKlass org/mozilla/javascript/Scriptable
instanceKlass org/mozilla/javascript/Context
instanceKlass org/apache/commons/lang3/ClassUtils
instanceKlass com/github/jknack/handlebars/js/HandlebarsJs
instanceKlass com/github/jknack/handlebars/Helper
instanceKlass com/github/jknack/handlebars/helper/DefaultHelperRegistry
instanceKlass com/github/jknack/handlebars/ParserFactory
instanceKlass com/github/jknack/handlebars/Formatter$Chain
instanceKlass com/github/jknack/handlebars/Handlebars
instanceKlass com/github/jknack/handlebars/HelperRegistry
instanceKlass java/util/regex/Pattern$TreeInfo
instanceKlass java/util/regex/CharPredicates$$Lambda$3
instanceKlass java/util/regex/Pattern$BmpCharPredicate
instanceKlass java/util/regex/Pattern$CharPredicate
instanceKlass java/util/regex/CharPredicates
instanceKlass java/util/regex/Pattern$Node
instanceKlass java/util/regex/Pattern
instanceKlass org/apache/commons/lang3/StringUtils
instanceKlass org/apache/commons/lang3/Validate
instanceKlass com/github/jknack/handlebars/io/TemplateSource
instanceKlass com/github/jknack/handlebars/io/AbstractTemplateLoader
instanceKlass com/github/jknack/handlebars/cache/TemplateCache
instanceKlass com/github/jknack/handlebars/io/TemplateLoader
instanceKlass App$$Lambda$2
instanceKlass spark/TemplateViewRoute
instanceKlass spark/ModelAndView
instanceKlass spark/Response
instanceKlass spark/Request
instanceKlass org/slf4j/impl/OutputChoice$1
instanceKlass spark/resource/AbstractResource
instanceKlass spark/resource/Resource
instanceKlass spark/resource/InputStreamResource
instanceKlass spark/resource/AbstractResourceHandler
instanceKlass spark/utils/Assert
instanceKlass spark/staticfiles/StaticFilesConfiguration
instanceKlass spark/globalstate/ServletFlag
instanceKlass spark/Service$StaticFiles
instanceKlass spark/Redirect
instanceKlass java/lang/invoke/LambdaForm$MH
instanceKlass java/lang/invoke/InvokerBytecodeGenerator$CpPatch
instanceKlass java/lang/invoke/LambdaFormBuffer
instanceKlass java/lang/invoke/LambdaFormEditor
instanceKlass java/lang/invoke/DelegatingMethodHandle$Holder
instanceKlass sun/invoke/util/Wrapper$1
instanceKlass java/lang/invoke/DirectMethodHandle$1
instanceKlass sun/invoke/empty/Empty
instanceKlass sun/invoke/util/VerifyType
instanceKlass java/lang/invoke/ClassSpecializer$Factory
instanceKlass java/lang/invoke/ClassSpecializer$SpeciesData
instanceKlass java/lang/invoke/ClassSpecializer$1
instanceKlass java/lang/invoke/ClassSpecializer
instanceKlass java/lang/invoke/InnerClassLambdaMetafactory$1
instanceKlass spark/Service$$Lambda$1
instanceKlass jdk/internal/org/objectweb/asm/AnnotationVisitor
instanceKlass jdk/internal/org/objectweb/asm/Frame
instanceKlass jdk/internal/org/objectweb/asm/Label
instanceKlass jdk/internal/org/objectweb/asm/MethodVisitor
instanceKlass jdk/internal/org/objectweb/asm/Item
instanceKlass jdk/internal/org/objectweb/asm/ByteVector
instanceKlass jdk/internal/org/objectweb/asm/ClassVisitor
instanceKlass sun/invoke/util/BytecodeDescriptor
instanceKlass java/lang/invoke/InfoFromMemberName
instanceKlass java/lang/invoke/MethodHandleInfo
instanceKlass sun/security/action/GetBooleanAction
instanceKlass jdk/internal/org/objectweb/asm/Type
instanceKlass java/lang/invoke/AbstractValidatingLambdaMetafactory
instanceKlass java/lang/invoke/MethodHandleImpl$1
instanceKlass jdk/internal/misc/JavaLangInvokeAccess
instanceKlass java/lang/invoke/Invokers$Holder
instanceKlass java/lang/invoke/BootstrapMethodInvoker
instanceKlass java/util/function/Consumer
instanceKlass java/lang/invoke/InvokerBytecodeGenerator$2
instanceKlass java/lang/invoke/InvokerBytecodeGenerator
instanceKlass java/lang/invoke/LambdaForm$Holder
instanceKlass java/lang/invoke/LambdaForm$Name
instanceKlass java/lang/invoke/Invokers
instanceKlass java/lang/invoke/MethodHandleImpl
instanceKlass sun/invoke/util/ValueConversions
instanceKlass java/lang/invoke/DirectMethodHandle$Holder
instanceKlass java/lang/invoke/LambdaForm$NamedFunction
instanceKlass java/lang/invoke/LambdaMetafactory
instanceKlass spark/ExceptionMapper
instanceKlass spark/embeddedserver/EmbeddedServerFactory
instanceKlass spark/embeddedserver/EmbeddedServers
instanceKlass java/util/concurrent/CountDownLatch
instanceKlass java/lang/invoke/VarHandle$AccessDescriptor
instanceKlass org/slf4j/impl/OutputChoice
instanceKlass org/slf4j/impl/SimpleLoggerConfiguration$1
instanceKlass java/text/Format
instanceKlass org/slf4j/impl/SimpleLoggerConfiguration
instanceKlass org/slf4j/helpers/NamedLoggerBase
instanceKlass org/slf4j/impl/SimpleLoggerFactory
instanceKlass org/slf4j/impl/StaticLoggerBinder
instanceKlass org/slf4j/spi/LoggerFactoryBinder
instanceKlass jdk/internal/loader/URLClassPath$1
instanceKlass java/lang/CompoundEnumeration
instanceKlass jdk/internal/loader/BuiltinClassLoader$1
instanceKlass java/util/Collections$EmptyEnumeration
instanceKlass java/util/Collections$EmptyIterator
instanceKlass jdk/internal/jimage/ImageLocation
instanceKlass jdk/internal/jimage/decompressor/Decompressor
instanceKlass jdk/internal/jimage/ImageStringsReader
instanceKlass jdk/internal/jimage/ImageStrings
instanceKlass jdk/internal/jimage/ImageHeader
instanceKlass jdk/internal/jimage/NativeImageBuffer$1
instanceKlass jdk/internal/jimage/NativeImageBuffer
instanceKlass jdk/internal/jimage/BasicImageReader$1
instanceKlass jdk/internal/jimage/BasicImageReader
instanceKlass jdk/internal/jimage/ImageReader
instanceKlass jdk/internal/jimage/ImageReaderFactory$1
instanceKlass java/nio/file/Paths
instanceKlass jdk/internal/jimage/ImageReaderFactory
instanceKlass jdk/internal/module/SystemModuleFinders$SystemImage
instanceKlass jdk/internal/module/SystemModuleFinders$SystemModuleReader
instanceKlass java/lang/module/ModuleReader
instanceKlass jdk/internal/loader/BuiltinClassLoader$5
instanceKlass jdk/internal/loader/BuiltinClassLoader$2
instanceKlass jdk/internal/module/Resources
instanceKlass org/slf4j/helpers/Util
instanceKlass org/slf4j/helpers/NOPLoggerFactory
instanceKlass java/util/concurrent/LinkedBlockingQueue$Node
instanceKlass java/util/concurrent/locks/AbstractQueuedSynchronizer$ConditionObject
instanceKlass java/util/concurrent/locks/Condition
instanceKlass java/util/concurrent/locks/AbstractQueuedSynchronizer$Node
instanceKlass java/util/concurrent/BlockingQueue
instanceKlass org/slf4j/Logger
instanceKlass org/slf4j/helpers/SubstituteLoggerFactory
instanceKlass org/slf4j/event/LoggingEvent
instanceKlass org/slf4j/ILoggerFactory
instanceKlass org/slf4j/LoggerFactory
instanceKlass spark/ExceptionHandlerImpl
instanceKlass spark/ExceptionHandler
instanceKlass spark/embeddedserver/jetty/websocket/WebSocketHandlerWrapper
instanceKlass spark/RouteImpl
instanceKlass spark/utils/Wrapper
instanceKlass spark/Route
instanceKlass spark/Routable
instanceKlass spark/Spark$SingletonHolder
instanceKlass spark/Spark
instanceKlass java/lang/PublicMethods$Key
instanceKlass java/lang/PublicMethods$MethodList
instanceKlass spark/TemplateEngine
instanceKlass java/util/zip/Checksum$1
instanceKlass java/util/zip/CRC32
instanceKlass java/util/zip/Checksum
instanceKlass java/lang/Package$VersionInfo
instanceKlass java/util/jar/Attributes$Name
instanceKlass java/util/jar/Attributes
instanceKlass java/util/zip/ZipFile$InflaterCleanupAction
instanceKlass java/util/zip/Inflater$InflaterZStreamRef
instanceKlass java/util/zip/Inflater
instanceKlass java/util/zip/ZipEntry
instanceKlass java/util/jar/JarFile$1
instanceKlass jdk/internal/util/jar/JarIndex
instanceKlass java/nio/Bits$1
instanceKlass jdk/internal/misc/JavaNioAccess$BufferPool
instanceKlass java/nio/Bits
instanceKlass sun/nio/ch/DirectBuffer
instanceKlass jdk/internal/perf/PerfCounter$CoreCounters
instanceKlass jdk/internal/perf/Perf
instanceKlass jdk/internal/perf/Perf$GetPerfAction
instanceKlass jdk/internal/perf/PerfCounter
instanceKlass java/util/zip/ZipUtils
instanceKlass java/util/zip/ZipFile$Source$End
instanceKlass sun/invoke/util/Wrapper$Format
instanceKlass java/lang/invoke/MethodTypeForm
instanceKlass java/lang/invoke/MethodType$ConcurrentWeakInternSet
instanceKlass java/lang/Void
instanceKlass java/lang/invoke/VarForm
instanceKlass java/lang/invoke/VarHandleGuards
instanceKlass jdk/internal/util/Preconditions$1
instanceKlass java/util/function/BiFunction
instanceKlass java/lang/invoke/VarHandle$1
instanceKlass java/lang/invoke/VarHandles
instanceKlass sun/invoke/util/VerifyAccess
instanceKlass java/lang/invoke/MethodHandles$Lookup
instanceKlass java/lang/invoke/MemberName$Factory
instanceKlass java/lang/invoke/MethodHandles
instanceKlass java/util/concurrent/atomic/AtomicBoolean
instanceKlass java/io/RandomAccessFile$2
instanceKlass jdk/internal/misc/JavaIORandomAccessFileAccess
instanceKlass java/io/RandomAccessFile
instanceKlass java/io/DataInput
instanceKlass java/io/DataOutput
instanceKlass java/nio/file/attribute/FileTime
instanceKlass sun/nio/fs/UnixFileAttributes$UnixAsBasicFileAttributes
instanceKlass sun/nio/fs/NativeBuffer$Deallocator
instanceKlass sun/nio/fs/NativeBuffer
instanceKlass sun/nio/fs/NativeBuffers
instanceKlass sun/nio/fs/AbstractBasicFileAttributeView
instanceKlass sun/nio/fs/DynamicFileAttributeView
instanceKlass sun/nio/fs/UnixFileAttributeViews
instanceKlass java/nio/file/attribute/UserDefinedFileAttributeView
instanceKlass java/nio/file/attribute/DosFileAttributeView
instanceKlass java/nio/file/attribute/BasicFileAttributeView
instanceKlass java/nio/file/attribute/FileAttributeView
instanceKlass java/nio/file/attribute/AttributeView
instanceKlass java/nio/file/attribute/DosFileAttributes
instanceKlass java/nio/file/Files
instanceKlass java/nio/file/CopyOption
instanceKlass java/net/URI$Parser
instanceKlass sun/nio/fs/UnixMountEntry
instanceKlass sun/nio/fs/UnixFileStoreAttributes
instanceKlass sun/nio/fs/UnixFileAttributes
instanceKlass java/nio/file/attribute/PosixFileAttributes
instanceKlass java/nio/file/attribute/BasicFileAttributes
instanceKlass java/util/Enumeration
instanceKlass java/util/ArrayDeque$DeqIterator
instanceKlass java/lang/ClassLoaderHelper
instanceKlass java/lang/ClassLoader$NativeLibrary
instanceKlass java/lang/ClassLoader$2
instanceKlass sun/nio/fs/UnixNativeDispatcher$1
instanceKlass sun/nio/fs/UnixNativeDispatcher
instanceKlass sun/nio/fs/Util
instanceKlass sun/nio/fs/UnixPath
instanceKlass java/nio/file/Path
instanceKlass java/nio/file/Watchable
instanceKlass java/nio/file/FileSystem
instanceKlass java/nio/file/OpenOption
instanceKlass java/nio/file/spi/FileSystemProvider
instanceKlass sun/nio/fs/DefaultFileSystemProvider
instanceKlass java/nio/file/FileSystems$DefaultFileSystemHolder$1
instanceKlass java/nio/file/FileSystems$DefaultFileSystemHolder
instanceKlass java/nio/file/FileSystems
instanceKlass java/util/zip/ZipFile$Source$Key
instanceKlass java/util/zip/ZipFile$Source
instanceKlass java/util/zip/ZipFile$CleanableResource
instanceKlass java/util/zip/ZipCoder
instanceKlass java/lang/Runtime$Version
instanceKlass java/util/jar/JavaUtilJarAccessImpl
instanceKlass jdk/internal/misc/JavaUtilJarAccess
instanceKlass jdk/internal/loader/FileURLMapper
instanceKlass jdk/internal/loader/URLClassPath$JarLoader$1
instanceKlass java/util/zip/ZipFile$1
instanceKlass jdk/internal/misc/JavaUtilZipFileAccess
instanceKlass java/util/zip/ZipFile
instanceKlass java/util/zip/ZipConstants
instanceKlass java/lang/NamedPackage
instanceKlass App
instanceKlass sun/security/util/Debug
instanceKlass java/security/SecureClassLoader$DebugHolder
instanceKlass java/security/Permissions$1
instanceKlass java/security/Permission
instanceKlass java/security/Guard
instanceKlass java/security/PermissionCollection
instanceKlass java/security/SecureClassLoader$1
instanceKlass java/security/SecureClassLoader$CodeSourceKey
instanceKlass java/io/FileInputStream$1
instanceKlass sun/nio/ByteBuffered
instanceKlass jdk/internal/ref/CleanerImpl
instanceKlass java/lang/ref/Cleaner$1
instanceKlass java/lang/ref/Cleaner
instanceKlass jdk/internal/ref/CleanerFactory$1
instanceKlass java/util/concurrent/ThreadFactory
instanceKlass jdk/internal/ref/CleanerFactory
instanceKlass java/lang/ref/Cleaner$Cleanable
instanceKlass jdk/internal/loader/Resource
instanceKlass java/nio/charset/CoderResult
instanceKlass java/nio/charset/CharsetDecoder
instanceKlass sun/nio/cs/ThreadLocalCoders$Cache
instanceKlass sun/nio/cs/ThreadLocalCoders
instanceKlass java/lang/Readable
instanceKlass jdk/internal/loader/URLClassPath$Loader
instanceKlass jdk/internal/loader/URLClassPath$3
instanceKlass java/security/PrivilegedExceptionAction
instanceKlass sun/util/locale/InternalLocaleBuilder$CaseInsensitiveChar
instanceKlass sun/util/locale/InternalLocaleBuilder
instanceKlass sun/util/locale/LocaleUtils
instanceKlass sun/util/locale/BaseLocale$Key
instanceKlass sun/util/locale/BaseLocale
instanceKlass sun/util/locale/LocaleObjectCache
instanceKlass java/util/Locale
instanceKlass sun/net/util/URLUtil
instanceKlass java/lang/StringCoding$Result
instanceKlass java/lang/ThreadLocal$ThreadLocalMap
instanceKlass java/lang/StringCoding
instanceKlass sun/launcher/LauncherHelper
instanceKlass jdk/internal/module/IllegalAccessLogger
instanceKlass jdk/internal/module/ModuleBootstrap$2
instanceKlass jdk/internal/module/IllegalAccessLogger$Builder
instanceKlass java/lang/ModuleLayer$Controller
instanceKlass java/util/HashMap$HashIterator
instanceKlass jdk/internal/module/ServicesCatalog$ServiceProvider
instanceKlass java/util/concurrent/CopyOnWriteArrayList
instanceKlass java/util/Collections$UnmodifiableCollection$1
instanceKlass java/util/Collections$UnmodifiableCollection
instanceKlass java/util/ArrayList$Itr
instanceKlass java/util/ImmutableCollections$ListItr
instanceKlass java/util/ListIterator
instanceKlass java/lang/ModuleLayer
instanceKlass jdk/internal/module/ModuleLoaderMap$Mapper
instanceKlass java/util/function/Function
instanceKlass jdk/internal/module/ModuleLoaderMap
instanceKlass java/util/ImmutableCollections$Set12$1
instanceKlass java/util/ImmutableCollections$MapN$MapNIterator
instanceKlass java/util/AbstractMap$1$1
instanceKlass java/lang/module/ResolvedModule
instanceKlass java/lang/module/Configuration
instanceKlass java/util/ImmutableCollections$SetN$SetNIterator
instanceKlass jdk/internal/loader/BuiltinClassLoader$LoadedModule
instanceKlass jdk/internal/util/Preconditions
instanceKlass java/util/Deque
instanceKlass java/util/Queue
instanceKlass sun/net/util/IPAddressUtil
instanceKlass java/lang/Class$1
instanceKlass java/lang/reflect/ReflectAccess
instanceKlass jdk/internal/reflect/LangReflectAccess
instanceKlass java/lang/reflect/Modifier
instanceKlass java/lang/Class$Atomic
instanceKlass java/lang/Class$ReflectionData
instanceKlass java/net/URLStreamHandler
instanceKlass java/lang/StringUTF16
instanceKlass sun/net/www/ParseUtil
instanceKlass java/io/ExpiringCache$Entry
instanceKlass java/net/URL$3
instanceKlass jdk/internal/misc/JavaNetURLAccess
instanceKlass java/net/URL$DefaultFactory
instanceKlass java/net/URLStreamHandlerFactory
instanceKlass jdk/internal/loader/URLClassPath
instanceKlass java/security/Principal
instanceKlass java/security/ProtectionDomain$Key
instanceKlass java/security/ProtectionDomain$JavaSecurityAccessImpl
instanceKlass jdk/internal/misc/JavaSecurityAccess
instanceKlass java/lang/ClassLoader$ParallelLoaders
instanceKlass jdk/internal/reflect/Reflection
instanceKlass jdk/internal/loader/AbstractClassLoaderValue
instanceKlass jdk/internal/module/ServicesCatalog
instanceKlass jdk/internal/loader/BootLoader
instanceKlass java/util/Optional
instanceKlass jdk/internal/module/ModuleBootstrap$Counters
instanceKlass jdk/internal/module/SystemModuleFinders$SystemModuleFinder
instanceKlass java/lang/module/ModuleFinder
instanceKlass jdk/internal/module/SystemModuleFinders$3
instanceKlass jdk/internal/module/ModuleHashes$HashSupplier
instanceKlass java/util/KeyValueHolder
instanceKlass jdk/internal/module/SystemModuleFinders$2
instanceKlass java/util/function/Supplier
instanceKlass java/lang/module/ModuleReference
instanceKlass jdk/internal/module/ModuleResolution
instanceKlass java/util/Collections$UnmodifiableMap
instanceKlass java/util/HashMap$Node
instanceKlass jdk/internal/module/ModuleHashes$Builder
instanceKlass jdk/internal/module/ModuleHashes
instanceKlass jdk/internal/module/ModuleTarget
instanceKlass java/lang/Enum
instanceKlass java/lang/module/ModuleDescriptor$Version
instanceKlass java/lang/module/ModuleDescriptor$Provides
instanceKlass java/lang/module/ModuleDescriptor$Opens
instanceKlass java/lang/module/ModuleDescriptor$Exports
instanceKlass java/lang/module/ModuleDescriptor$Requires
instanceKlass jdk/internal/module/Builder
instanceKlass jdk/internal/module/SystemModules$default
instanceKlass jdk/internal/module/SystemModules
instanceKlass jdk/internal/module/SystemModulesMap
instanceKlass java/net/URI$1
instanceKlass jdk/internal/misc/JavaNetUriAccess
instanceKlass java/net/URI
instanceKlass jdk/internal/module/SystemModuleFinders
instanceKlass jdk/internal/module/ArchivedModuleGraph
instanceKlass jdk/internal/module/ModulePatcher
instanceKlass java/util/ImmutableCollections
instanceKlass java/lang/module/ModuleDescriptor$1
instanceKlass jdk/internal/misc/JavaLangModuleAccess
instanceKlass java/lang/module/ModuleDescriptor
instanceKlass jdk/internal/module/ModuleBootstrap
instanceKlass java/lang/CharacterData
instanceKlass java/lang/invoke/MethodHandleStatics
instanceKlass java/io/ExpiringCache
instanceKlass java/io/FileSystem
instanceKlass java/io/DefaultFileSystem
instanceKlass java/io/File
instanceKlass java/lang/System$2
instanceKlass jdk/internal/misc/JavaLangAccess
instanceKlass jdk/internal/misc/OSEnvironment
instanceKlass java/lang/Integer$IntegerCache
instanceKlass jdk/internal/misc/Signal$NativeHandler
instanceKlass java/util/Hashtable$Entry
instanceKlass jdk/internal/misc/Signal
instanceKlass java/lang/Terminator$1
instanceKlass jdk/internal/misc/Signal$Handler
instanceKlass java/lang/Terminator
instanceKlass java/nio/ByteOrder
instanceKlass java/nio/Buffer$1
instanceKlass jdk/internal/misc/JavaNioAccess
instanceKlass java/util/Arrays
instanceKlass java/nio/charset/CodingErrorAction
instanceKlass java/nio/charset/CharsetEncoder
instanceKlass sun/nio/cs/HistoricallyNamedCharset
instanceKlass sun/security/action/GetPropertyAction
instanceKlass java/lang/ThreadLocal
instanceKlass java/nio/charset/spi/CharsetProvider
instanceKlass java/nio/charset/Charset
instanceKlass java/io/Writer
instanceKlass java/io/OutputStream
instanceKlass java/io/Flushable
instanceKlass java/io/FileDescriptor$1
instanceKlass jdk/internal/misc/JavaIOFileDescriptorAccess
instanceKlass java/io/FileDescriptor
instanceKlass java/lang/VersionProps
instanceKlass jdk/internal/util/StaticProperty
instanceKlass java/lang/Math
instanceKlass java/util/concurrent/ConcurrentHashMap$MapEntry
instanceKlass java/util/concurrent/ConcurrentHashMap$Traverser
instanceKlass java/lang/reflect/Array
instanceKlass java/util/Collections$SynchronizedCollection
instanceKlass java/util/List
instanceKlass java/util/RandomAccess
instanceKlass java/util/Collections
instanceKlass java/util/concurrent/ConcurrentHashMap$CollectionView
instanceKlass java/util/Properties$EntrySet
instanceKlass java/lang/StringLatin1
instanceKlass jdk/internal/misc/VM
instanceKlass jdk/internal/misc/SharedSecrets
instanceKlass java/lang/ref/Reference$1
instanceKlass jdk/internal/misc/JavaLangRefAccess
instanceKlass java/lang/ref/ReferenceQueue$Lock
instanceKlass java/lang/ref/ReferenceQueue
instanceKlass jdk/internal/reflect/ReflectionFactory
instanceKlass java/util/concurrent/locks/LockSupport
instanceKlass java/util/concurrent/ConcurrentHashMap$Node
instanceKlass java/util/Map$Entry
instanceKlass java/util/concurrent/ConcurrentHashMap$CounterCell
instanceKlass java/util/concurrent/locks/ReentrantLock
instanceKlass java/util/concurrent/locks/Lock
instanceKlass java/lang/Runtime
instanceKlass java/util/concurrent/ConcurrentMap
instanceKlass java/util/AbstractMap
instanceKlass java/security/cert/Certificate
instanceKlass jdk/internal/reflect/ReflectionFactory$GetReflectionFactoryAction
instanceKlass java/security/PrivilegedAction
instanceKlass java/util/Objects
instanceKlass java/util/AbstractCollection
instanceKlass java/util/Set
instanceKlass java/util/Collection
instanceKlass java/lang/Iterable
instanceKlass java/security/AccessController
instanceKlass java/lang/String$CaseInsensitiveComparator
instanceKlass java/util/Comparator
instanceKlass java/io/ObjectStreamField
instanceKlass java/util/Iterator
instanceKlass java/lang/Number
instanceKlass java/lang/Character
instanceKlass java/lang/Boolean
instanceKlass java/util/concurrent/locks/AbstractOwnableSynchronizer
instanceKlass java/lang/LiveStackFrame
instanceKlass java/lang/StackFrameInfo
instanceKlass java/lang/StackWalker$StackFrame
instanceKlass java/lang/StackStreamFactory$AbstractStackWalker
instanceKlass java/lang/StackWalker
instanceKlass java/nio/Buffer
instanceKlass java/lang/StackTraceElement
instanceKlass java/security/CodeSource
instanceKlass jdk/internal/loader/ClassLoaders
instanceKlass java/util/jar/Manifest
instanceKlass java/net/URL
instanceKlass java/io/InputStream
instanceKlass java/io/Closeable
instanceKlass java/lang/AutoCloseable
instanceKlass jdk/internal/module/Modules
instanceKlass jdk/internal/misc/Unsafe
instanceKlass java/lang/AbstractStringBuilder
instanceKlass java/lang/Appendable
instanceKlass java/lang/AssertionStatusDirectives
instanceKlass java/lang/invoke/MethodHandleNatives$CallSiteContext
instanceKlass java/lang/invoke/CallSite
instanceKlass java/lang/invoke/MethodType
instanceKlass java/lang/invoke/LambdaForm
instanceKlass java/lang/invoke/MethodHandleNatives
instanceKlass java/lang/invoke/ResolvedMethodName
instanceKlass java/lang/invoke/MemberName
instanceKlass java/lang/invoke/VarHandle
instanceKlass java/lang/invoke/MethodHandle
instanceKlass jdk/internal/reflect/CallerSensitive
instanceKlass java/lang/annotation/Annotation
instanceKlass jdk/internal/reflect/FieldAccessor
instanceKlass jdk/internal/reflect/ConstantPool
instanceKlass jdk/internal/reflect/ConstructorAccessor
instanceKlass jdk/internal/reflect/MethodAccessor
instanceKlass jdk/internal/reflect/MagicAccessorImpl
instanceKlass java/lang/reflect/Parameter
instanceKlass java/lang/reflect/Member
instanceKlass java/lang/reflect/AccessibleObject
instanceKlass java/lang/Module
instanceKlass java/util/Dictionary
instanceKlass java/util/Map
instanceKlass java/lang/ThreadGroup
instanceKlass java/lang/Thread$UncaughtExceptionHandler
instanceKlass java/lang/Thread
instanceKlass java/lang/Runnable
instanceKlass java/lang/ref/Reference
instanceKlass java/security/AccessControlContext
instanceKlass java/security/ProtectionDomain
instanceKlass java/lang/SecurityManager
instanceKlass java/lang/Throwable
instanceKlass java/lang/System
instanceKlass java/lang/ClassLoader
instanceKlass java/lang/Cloneable
instanceKlass java/lang/Class
instanceKlass java/lang/reflect/Type
instanceKlass java/lang/reflect/GenericDeclaration
instanceKlass java/lang/reflect/AnnotatedElement
instanceKlass java/lang/St